d:\opencv_demo\冰球机器人v4.0（上位机处理，下位机执行）\opencv3上位机（xy坐标交换）\consoleapplication1\x64\debug\vc120.pdb
d:\opencv_demo\冰球机器人v4.0（上位机处理，下位机执行）\opencv3上位机（xy坐标交换）\consoleapplication1\x64\debug\vc120.idb
d:\opencv_demo\冰球机器人v4.0（上位机处理，下位机执行）\opencv3上位机（xy坐标交换）\consoleapplication1\x64\debug\serialport.obj
d:\opencv_demo\冰球机器人v4.0（上位机处理，下位机执行）\opencv3上位机（xy坐标交换）\consoleapplication1\x64\debug\源.obj
d:\air hockry robot v1.0\opencv3上位机\consoleapplication1\x64\debug\vc120.pdb
d:\air hockry robot v1.0\opencv3上位机\consoleapplication1\x64\debug\vc120.idb
d:\air hockry robot v1.0\opencv3上位机\consoleapplication1\x64\debug\serialport.obj
d:\air hockry robot v1.0\opencv3上位机\consoleapplication1\x64\debug\源.obj
d:\opencv_demo\冰球机器人v4.0（上位机处理，下位机执行）\opencv3上位机（xy坐标交换）\x64\debug\consoleapplication1.ilk
d:\opencv_demo\冰球机器人v4.0（上位机处理，下位机执行）\opencv3上位机（xy坐标交换）\x64\debug\consoleapplication1.exe
d:\opencv_demo\冰球机器人v4.0（上位机处理，下位机执行）\opencv3上位机（xy坐标交换）\x64\debug\consoleapplication1.pdb
d:\air hockry robot v1.0\opencv3上位机\x64\debug\consoleapplication1.ilk
d:\air hockry robot v1.0\opencv3上位机\x64\debug\consoleapplication1.exe
d:\air hockry robot v1.0\opencv3上位机\x64\debug\consoleapplication1.pdb
d:\air hockry robot v1.0\opencv3上位机\consoleapplication1\x64\debug\consolea.836f6729.tlog\cl.command.1.tlog
d:\air hockry robot v1.0\opencv3上位机\consoleapplication1\x64\debug\consolea.836f6729.tlog\cl.read.1.tlog
d:\air hockry robot v1.0\opencv3上位机\consoleapplication1\x64\debug\consolea.836f6729.tlog\cl.write.1.tlog
d:\air hockry robot v1.0\opencv3上位机\consoleapplication1\x64\debug\consolea.836f6729.tlog\link.command.1.tlog
d:\air hockry robot v1.0\opencv3上位机\consoleapplication1\x64\debug\consolea.836f6729.tlog\link.read.1.tlog
d:\air hockry robot v1.0\opencv3上位机\consoleapplication1\x64\debug\consolea.836f6729.tlog\link.write.1.tlog
